[06-Aug-2023 13:49:42] NOTICE: fpm is running, pid 5595
[06-Aug-2023 13:49:42] NOTICE: ready to handle connections
[06-Aug-2023 13:52:51] NOTICE: Terminating ...
[06-Aug-2023 13:52:51] NOTICE: Terminating ...
[06-Aug-2023 13:52:51] NOTICE: exiting, bye-bye!
[06-Aug-2023 13:54:57] NOTICE: fpm is running, pid 5910
[06-Aug-2023 13:54:57] NOTICE: ready to handle connections
[06-Aug-2023 15:27:57] NOTICE: Terminating ...
[06-Aug-2023 15:27:57] NOTICE: Terminating ...
[06-Aug-2023 15:27:57] NOTICE: exiting, bye-bye!
[06-Aug-2023 15:28:00] NOTICE: fpm is running, pid 6111
[06-Aug-2023 15:28:00] NOTICE: ready to handle connections
[06-Aug-2023 15:56:54] NOTICE: Terminating ...
[06-Aug-2023 15:56:54] NOTICE: Terminating ...
[06-Aug-2023 15:56:54] NOTICE: exiting, bye-bye!
[06-Aug-2023 15:56:58] NOTICE: fpm is running, pid 6417
[06-Aug-2023 15:56:58] NOTICE: ready to handle connections
[06-Aug-2023 16:28:10] NOTICE: Terminating ...
[06-Aug-2023 16:28:10] NOTICE: Terminating ...
[06-Aug-2023 16:28:10] NOTICE: exiting, bye-bye!
[06-Aug-2023 16:35:43] NOTICE: fpm is running, pid 6902
[06-Aug-2023 16:35:43] NOTICE: ready to handle connections
[06-Aug-2023 16:49:44] NOTICE: Terminating ...
[06-Aug-2023 16:49:44] NOTICE: Terminating ...
[06-Aug-2023 16:49:44] NOTICE: exiting, bye-bye!
[08-Aug-2023 09:29:21] NOTICE: fpm is running, pid 4622
[08-Aug-2023 09:29:21] NOTICE: ready to handle connections
[08-Aug-2023 18:02:25] NOTICE: Terminating ...
[08-Aug-2023 18:02:25] NOTICE: Terminating ...
[08-Aug-2023 18:02:25] NOTICE: exiting, bye-bye!
[10-Aug-2023 11:30:02] NOTICE: fpm is running, pid 11600
[10-Aug-2023 11:30:02] NOTICE: ready to handle connections
[10-Aug-2023 13:20:26] NOTICE: Terminating ...
[10-Aug-2023 13:20:26] NOTICE: Terminating ...
[10-Aug-2023 13:20:26] NOTICE: exiting, bye-bye!
[15-Aug-2023 08:07:25] NOTICE: fpm is running, pid 1573
[15-Aug-2023 08:07:25] NOTICE: ready to handle connections
[15-Aug-2023 08:13:44] NOTICE: Terminating ...
[15-Aug-2023 08:13:44] NOTICE: Terminating ...
[15-Aug-2023 08:13:44] NOTICE: exiting, bye-bye!
[17-Aug-2023 15:30:29] NOTICE: fpm is running, pid 27786
[17-Aug-2023 15:30:29] NOTICE: ready to handle connections
[17-Aug-2023 15:30:47] NOTICE: Terminating ...
[17-Aug-2023 15:30:47] NOTICE: Terminating ...
[17-Aug-2023 15:30:47] NOTICE: exiting, bye-bye!
[20-Aug-2023 10:14:24] NOTICE: fpm is running, pid 9971
[20-Aug-2023 10:14:24] NOTICE: ready to handle connections
[20-Aug-2023 17:19:01] NOTICE: Terminating ...
[20-Aug-2023 17:19:01] NOTICE: Terminating ...
[20-Aug-2023 17:19:01] NOTICE: exiting, bye-bye!
[21-Aug-2023 11:06:38] NOTICE: fpm is running, pid 7559
[21-Aug-2023 11:06:38] NOTICE: ready to handle connections
[21-Aug-2023 13:09:31] NOTICE: Terminating ...
[21-Aug-2023 13:09:31] NOTICE: Terminating ...
[21-Aug-2023 13:09:31] NOTICE: exiting, bye-bye!
[31-Aug-2023 11:24:03] NOTICE: fpm is running, pid 3128
[31-Aug-2023 11:24:03] NOTICE: ready to handle connections
[31-Aug-2023 15:29:19] NOTICE: Terminating ...
[31-Aug-2023 15:29:19] NOTICE: Terminating ...
[31-Aug-2023 15:29:19] NOTICE: exiting, bye-bye!
[03-Oct-2023 09:58:24] NOTICE: fpm is running, pid 7313
[03-Oct-2023 09:58:24] NOTICE: ready to handle connections
[03-Oct-2023 11:36:04] NOTICE: Terminating ...
[03-Oct-2023 11:36:04] NOTICE: Terminating ...
[03-Oct-2023 11:36:04] NOTICE: exiting, bye-bye!
[24-Oct-2023 16:27:36] NOTICE: fpm is running, pid 22033
[24-Oct-2023 16:27:36] NOTICE: ready to handle connections
[24-Oct-2023 16:28:15] NOTICE: Terminating ...
[24-Oct-2023 16:28:15] NOTICE: Terminating ...
[24-Oct-2023 16:28:15] NOTICE: exiting, bye-bye!
[01-Nov-2023 16:35:52] NOTICE: fpm is running, pid 30430
[01-Nov-2023 16:35:52] NOTICE: ready to handle connections
[01-Nov-2023 16:37:37] NOTICE: Terminating ...
[01-Nov-2023 16:37:37] NOTICE: Terminating ...
[01-Nov-2023 16:37:37] NOTICE: exiting, bye-bye!
